                                      1 ;--------------------------------------------------------
                                      2 ; File Created by SDCC : free open source ANSI-C Compiler
                                      3 ; Version 4.1.6 #12539 (Mac OS X x86_64)
                                      4 ;--------------------------------------------------------
                                      5 	.module Grassland
                                      6 	.optsdcc -mgbz80
                                      7 	
                                      8 ;--------------------------------------------------------
                                      9 ; Public variables in this module
                                     10 ;--------------------------------------------------------
                                     11 	.globl _GrasslandPLN1
                                     12 	.globl _GrasslandPLN0
                                     13 ;--------------------------------------------------------
                                     14 ; special function registers
                                     15 ;--------------------------------------------------------
                                     16 ;--------------------------------------------------------
                                     17 ; ram data
                                     18 ;--------------------------------------------------------
                                     19 	.area _DATA
                                     20 ;--------------------------------------------------------
                                     21 ; ram data
                                     22 ;--------------------------------------------------------
                                     23 	.area _INITIALIZED
      000000                         24 _GrasslandPLN0::
      000000                         25 	.ds 360
      000168                         26 _GrasslandPLN1::
      000168                         27 	.ds 360
                                     28 ;--------------------------------------------------------
                                     29 ; absolute external ram data
                                     30 ;--------------------------------------------------------
                                     31 	.area _DABS (ABS)
                                     32 ;--------------------------------------------------------
                                     33 ; global & static initialisations
                                     34 ;--------------------------------------------------------
                                     35 	.area _HOME
                                     36 	.area _GSINIT
                                     37 	.area _GSFINAL
                                     38 	.area _GSINIT
                                     39 ;--------------------------------------------------------
                                     40 ; Home
                                     41 ;--------------------------------------------------------
                                     42 	.area _HOME
                                     43 	.area _HOME
                                     44 ;--------------------------------------------------------
                                     45 ; code
                                     46 ;--------------------------------------------------------
                                     47 	.area _CODE
                                     48 	.area _CODE
                                     49 	.area _INITIALIZER
      000000                         50 __xinit__GrasslandPLN0:
      000000 00                      51 	.db #0x00	; 0
      000001 00                      52 	.db #0x00	; 0
      000002 00                      53 	.db #0x00	; 0
      000003 00                      54 	.db #0x00	; 0
      000004 00                      55 	.db #0x00	; 0
      000005 00                      56 	.db #0x00	; 0
      000006 00                      57 	.db #0x00	; 0
      000007 0C                      58 	.db #0x0c	; 12
      000008 07                      59 	.db #0x07	; 7
      000009 10                      60 	.db #0x10	; 16
      00000A 11                      61 	.db #0x11	; 17
      00000B 12                      62 	.db #0x12	; 18
      00000C 00                      63 	.db #0x00	; 0
      00000D 00                      64 	.db #0x00	; 0
      00000E 00                      65 	.db #0x00	; 0
      00000F 00                      66 	.db #0x00	; 0
      000010 00                      67 	.db #0x00	; 0
      000011 00                      68 	.db #0x00	; 0
      000012 00                      69 	.db #0x00	; 0
      000013 00                      70 	.db #0x00	; 0
      000014 00                      71 	.db #0x00	; 0
      000015 00                      72 	.db #0x00	; 0
      000016 06                      73 	.db #0x06	; 6
      000017 00                      74 	.db #0x00	; 0
      000018 03                      75 	.db #0x03	; 3
      000019 00                      76 	.db #0x00	; 0
      00001A 00                      77 	.db #0x00	; 0
      00001B 07                      78 	.db #0x07	; 7
      00001C 07                      79 	.db #0x07	; 7
      00001D 07                      80 	.db #0x07	; 7
      00001E 07                      81 	.db #0x07	; 7
      00001F 07                      82 	.db #0x07	; 7
      000020 07                      83 	.db #0x07	; 7
      000021 00                      84 	.db #0x00	; 0
      000022 00                      85 	.db #0x00	; 0
      000023 00                      86 	.db #0x00	; 0
      000024 00                      87 	.db #0x00	; 0
      000025 00                      88 	.db #0x00	; 0
      000026 00                      89 	.db #0x00	; 0
      000027 01                      90 	.db #0x01	; 1
      000028 00                      91 	.db #0x00	; 0
      000029 03                      92 	.db #0x03	; 3
      00002A 00                      93 	.db #0x00	; 0
      00002B 00                      94 	.db #0x00	; 0
      00002C 00                      95 	.db #0x00	; 0
      00002D 00                      96 	.db #0x00	; 0
      00002E 00                      97 	.db #0x00	; 0
      00002F 07                      98 	.db #0x07	; 7
      000030 07                      99 	.db #0x07	; 7
      000031 07                     100 	.db #0x07	; 7
      000032 07                     101 	.db #0x07	; 7
      000033 07                     102 	.db #0x07	; 7
      000034 07                     103 	.db #0x07	; 7
      000035 00                     104 	.db #0x00	; 0
      000036 00                     105 	.db #0x00	; 0
      000037 00                     106 	.db #0x00	; 0
      000038 00                     107 	.db #0x00	; 0
      000039 00                     108 	.db #0x00	; 0
      00003A 00                     109 	.db #0x00	; 0
      00003B 00                     110 	.db #0x00	; 0
      00003C 00                     111 	.db #0x00	; 0
      00003D 00                     112 	.db #0x00	; 0
      00003E 00                     113 	.db #0x00	; 0
      00003F 00                     114 	.db #0x00	; 0
      000040 00                     115 	.db #0x00	; 0
      000041 00                     116 	.db #0x00	; 0
      000042 00                     117 	.db #0x00	; 0
      000043 07                     118 	.db #0x07	; 7
      000044 07                     119 	.db #0x07	; 7
      000045 07                     120 	.db #0x07	; 7
      000046 07                     121 	.db #0x07	; 7
      000047 07                     122 	.db #0x07	; 7
      000048 00                     123 	.db #0x00	; 0
      000049 00                     124 	.db #0x00	; 0
      00004A 00                     125 	.db #0x00	; 0
      00004B 00                     126 	.db #0x00	; 0
      00004C 00                     127 	.db #0x00	; 0
      00004D 00                     128 	.db #0x00	; 0
      00004E 01                     129 	.db #0x01	; 1
      00004F 00                     130 	.db #0x00	; 0
      000050 00                     131 	.db #0x00	; 0
      000051 00                     132 	.db #0x00	; 0
      000052 02                     133 	.db #0x02	; 2
      000053 00                     134 	.db #0x00	; 0
      000054 00                     135 	.db #0x00	; 0
      000055 03                     136 	.db #0x03	; 3
      000056 00                     137 	.db #0x00	; 0
      000057 07                     138 	.db #0x07	; 7
      000058 07                     139 	.db #0x07	; 7
      000059 07                     140 	.db #0x07	; 7
      00005A 07                     141 	.db #0x07	; 7
      00005B 07                     142 	.db #0x07	; 7
      00005C 00                     143 	.db #0x00	; 0
      00005D 00                     144 	.db #0x00	; 0
      00005E 00                     145 	.db #0x00	; 0
      00005F 00                     146 	.db #0x00	; 0
      000060 00                     147 	.db #0x00	; 0
      000061 00                     148 	.db #0x00	; 0
      000062 00                     149 	.db #0x00	; 0
      000063 00                     150 	.db #0x00	; 0
      000064 00                     151 	.db #0x00	; 0
      000065 00                     152 	.db #0x00	; 0
      000066 00                     153 	.db #0x00	; 0
      000067 00                     154 	.db #0x00	; 0
      000068 00                     155 	.db #0x00	; 0
      000069 00                     156 	.db #0x00	; 0
      00006A 00                     157 	.db #0x00	; 0
      00006B 00                     158 	.db #0x00	; 0
      00006C 00                     159 	.db #0x00	; 0
      00006D 07                     160 	.db #0x07	; 7
      00006E 07                     161 	.db #0x07	; 7
      00006F 07                     162 	.db #0x07	; 7
      000070 00                     163 	.db #0x00	; 0
      000071 00                     164 	.db #0x00	; 0
      000072 00                     165 	.db #0x00	; 0
      000073 00                     166 	.db #0x00	; 0
      000074 03                     167 	.db #0x03	; 3
      000075 00                     168 	.db #0x00	; 0
      000076 03                     169 	.db #0x03	; 3
      000077 00                     170 	.db #0x00	; 0
      000078 00                     171 	.db #0x00	; 0
      000079 02                     172 	.db #0x02	; 2
      00007A 00                     173 	.db #0x00	; 0
      00007B 00                     174 	.db #0x00	; 0
      00007C 00                     175 	.db #0x00	; 0
      00007D 00                     176 	.db #0x00	; 0
      00007E 02                     177 	.db #0x02	; 2
      00007F 07                     178 	.db #0x07	; 7
      000080 07                     179 	.db #0x07	; 7
      000081 07                     180 	.db #0x07	; 7
      000082 07                     181 	.db #0x07	; 7
      000083 07                     182 	.db #0x07	; 7
      000084 07                     183 	.db #0x07	; 7
      000085 00                     184 	.db #0x00	; 0
      000086 00                     185 	.db #0x00	; 0
      000087 00                     186 	.db #0x00	; 0
      000088 00                     187 	.db #0x00	; 0
      000089 00                     188 	.db #0x00	; 0
      00008A 00                     189 	.db #0x00	; 0
      00008B 00                     190 	.db #0x00	; 0
      00008C 00                     191 	.db #0x00	; 0
      00008D 00                     192 	.db #0x00	; 0
      00008E 00                     193 	.db #0x00	; 0
      00008F 00                     194 	.db #0x00	; 0
      000090 03                     195 	.db #0x03	; 3
      000091 00                     196 	.db #0x00	; 0
      000092 00                     197 	.db #0x00	; 0
      000093 07                     198 	.db #0x07	; 7
      000094 07                     199 	.db #0x07	; 7
      000095 07                     200 	.db #0x07	; 7
      000096 07                     201 	.db #0x07	; 7
      000097 07                     202 	.db #0x07	; 7
      000098 07                     203 	.db #0x07	; 7
      000099 00                     204 	.db #0x00	; 0
      00009A 00                     205 	.db #0x00	; 0
      00009B 00                     206 	.db #0x00	; 0
      00009C 01                     207 	.db #0x01	; 1
      00009D 00                     208 	.db #0x00	; 0
      00009E 00                     209 	.db #0x00	; 0
      00009F 01                     210 	.db #0x01	; 1
      0000A0 05                     211 	.db #0x05	; 5
      0000A1 00                     212 	.db #0x00	; 0
      0000A2 00                     213 	.db #0x00	; 0
      0000A3 00                     214 	.db #0x00	; 0
      0000A4 00                     215 	.db #0x00	; 0
      0000A5 00                     216 	.db #0x00	; 0
      0000A6 00                     217 	.db #0x00	; 0
      0000A7 07                     218 	.db #0x07	; 7
      0000A8 07                     219 	.db #0x07	; 7
      0000A9 07                     220 	.db #0x07	; 7
      0000AA 07                     221 	.db #0x07	; 7
      0000AB 07                     222 	.db #0x07	; 7
      0000AC 00                     223 	.db #0x00	; 0
      0000AD 00                     224 	.db #0x00	; 0
      0000AE 00                     225 	.db #0x00	; 0
      0000AF 00                     226 	.db #0x00	; 0
      0000B0 00                     227 	.db #0x00	; 0
      0000B1 00                     228 	.db #0x00	; 0
      0000B2 01                     229 	.db #0x01	; 1
      0000B3 00                     230 	.db #0x00	; 0
      0000B4 00                     231 	.db #0x00	; 0
      0000B5 03                     232 	.db #0x03	; 3
      0000B6 00                     233 	.db #0x00	; 0
      0000B7 00                     234 	.db #0x00	; 0
      0000B8 00                     235 	.db #0x00	; 0
      0000B9 00                     236 	.db #0x00	; 0
      0000BA 00                     237 	.db #0x00	; 0
      0000BB 07                     238 	.db #0x07	; 7
      0000BC 07                     239 	.db #0x07	; 7
      0000BD 07                     240 	.db #0x07	; 7
      0000BE 07                     241 	.db #0x07	; 7
      0000BF 07                     242 	.db #0x07	; 7
      0000C0 00                     243 	.db #0x00	; 0
      0000C1 00                     244 	.db #0x00	; 0
      0000C2 00                     245 	.db #0x00	; 0
      0000C3 00                     246 	.db #0x00	; 0
      0000C4 00                     247 	.db #0x00	; 0
      0000C5 00                     248 	.db #0x00	; 0
      0000C6 00                     249 	.db #0x00	; 0
      0000C7 00                     250 	.db #0x00	; 0
      0000C8 03                     251 	.db #0x03	; 3
      0000C9 00                     252 	.db #0x00	; 0
      0000CA 00                     253 	.db #0x00	; 0
      0000CB 00                     254 	.db #0x00	; 0
      0000CC 00                     255 	.db #0x00	; 0
      0000CD 00                     256 	.db #0x00	; 0
      0000CE 00                     257 	.db #0x00	; 0
      0000CF 07                     258 	.db #0x07	; 7
      0000D0 07                     259 	.db #0x07	; 7
      0000D1 07                     260 	.db #0x07	; 7
      0000D2 00                     261 	.db #0x00	; 0
      0000D3 00                     262 	.db #0x00	; 0
      0000D4 00                     263 	.db #0x00	; 0
      0000D5 00                     264 	.db #0x00	; 0
      0000D6 00                     265 	.db #0x00	; 0
      0000D7 00                     266 	.db #0x00	; 0
      0000D8 01                     267 	.db #0x01	; 1
      0000D9 00                     268 	.db #0x00	; 0
      0000DA 00                     269 	.db #0x00	; 0
      0000DB 00                     270 	.db #0x00	; 0
      0000DC 00                     271 	.db #0x00	; 0
      0000DD 00                     272 	.db #0x00	; 0
      0000DE 04                     273 	.db #0x04	; 4
      0000DF 00                     274 	.db #0x00	; 0
      0000E0 06                     275 	.db #0x06	; 6
      0000E1 00                     276 	.db #0x00	; 0
      0000E2 00                     277 	.db #0x00	; 0
      0000E3 00                     278 	.db #0x00	; 0
      0000E4 00                     279 	.db #0x00	; 0
      0000E5 00                     280 	.db #0x00	; 0
      0000E6 00                     281 	.db #0x00	; 0
      0000E7 00                     282 	.db #0x00	; 0
      0000E8 00                     283 	.db #0x00	; 0
      0000E9 00                     284 	.db #0x00	; 0
      0000EA 03                     285 	.db #0x03	; 3
      0000EB 00                     286 	.db #0x00	; 0
      0000EC 00                     287 	.db #0x00	; 0
      0000ED 00                     288 	.db #0x00	; 0
      0000EE 03                     289 	.db #0x03	; 3
      0000EF 00                     290 	.db #0x00	; 0
      0000F0 02                     291 	.db #0x02	; 2
      0000F1 00                     292 	.db #0x00	; 0
      0000F2 00                     293 	.db #0x00	; 0
      0000F3 00                     294 	.db #0x00	; 0
      0000F4 00                     295 	.db #0x00	; 0
      0000F5 00                     296 	.db #0x00	; 0
      0000F6 00                     297 	.db #0x00	; 0
      0000F7 00                     298 	.db #0x00	; 0
      0000F8 00                     299 	.db #0x00	; 0
      0000F9 00                     300 	.db #0x00	; 0
      0000FA 00                     301 	.db #0x00	; 0
      0000FB 00                     302 	.db #0x00	; 0
      0000FC 00                     303 	.db #0x00	; 0
      0000FD 00                     304 	.db #0x00	; 0
      0000FE 00                     305 	.db #0x00	; 0
      0000FF 00                     306 	.db #0x00	; 0
      000100 00                     307 	.db #0x00	; 0
      000101 00                     308 	.db #0x00	; 0
      000102 00                     309 	.db #0x00	; 0
      000103 03                     310 	.db #0x03	; 3
      000104 00                     311 	.db #0x00	; 0
      000105 06                     312 	.db #0x06	; 6
      000106 00                     313 	.db #0x00	; 0
      000107 00                     314 	.db #0x00	; 0
      000108 00                     315 	.db #0x00	; 0
      000109 03                     316 	.db #0x03	; 3
      00010A 00                     317 	.db #0x00	; 0
      00010B 00                     318 	.db #0x00	; 0
      00010C 00                     319 	.db #0x00	; 0
      00010D 00                     320 	.db #0x00	; 0
      00010E 04                     321 	.db #0x04	; 4
      00010F 00                     322 	.db #0x00	; 0
      000110 00                     323 	.db #0x00	; 0
      000111 00                     324 	.db #0x00	; 0
      000112 00                     325 	.db #0x00	; 0
      000113 03                     326 	.db #0x03	; 3
      000114 00                     327 	.db #0x00	; 0
      000115 06                     328 	.db #0x06	; 6
      000116 00                     329 	.db #0x00	; 0
      000117 00                     330 	.db #0x00	; 0
      000118 04                     331 	.db #0x04	; 4
      000119 00                     332 	.db #0x00	; 0
      00011A 00                     333 	.db #0x00	; 0
      00011B 03                     334 	.db #0x03	; 3
      00011C 00                     335 	.db #0x00	; 0
      00011D 00                     336 	.db #0x00	; 0
      00011E 00                     337 	.db #0x00	; 0
      00011F 00                     338 	.db #0x00	; 0
      000120 00                     339 	.db #0x00	; 0
      000121 00                     340 	.db #0x00	; 0
      000122 00                     341 	.db #0x00	; 0
      000123 00                     342 	.db #0x00	; 0
      000124 03                     343 	.db #0x03	; 3
      000125 00                     344 	.db #0x00	; 0
      000126 00                     345 	.db #0x00	; 0
      000127 00                     346 	.db #0x00	; 0
      000128 00                     347 	.db #0x00	; 0
      000129 00                     348 	.db #0x00	; 0
      00012A 00                     349 	.db #0x00	; 0
      00012B 00                     350 	.db #0x00	; 0
      00012C 00                     351 	.db #0x00	; 0
      00012D 00                     352 	.db #0x00	; 0
      00012E 03                     353 	.db #0x03	; 3
      00012F 00                     354 	.db #0x00	; 0
      000130 00                     355 	.db #0x00	; 0
      000131 00                     356 	.db #0x00	; 0
      000132 03                     357 	.db #0x03	; 3
      000133 00                     358 	.db #0x00	; 0
      000134 00                     359 	.db #0x00	; 0
      000135 00                     360 	.db #0x00	; 0
      000136 00                     361 	.db #0x00	; 0
      000137 00                     362 	.db #0x00	; 0
      000138 00                     363 	.db #0x00	; 0
      000139 00                     364 	.db #0x00	; 0
      00013A 00                     365 	.db #0x00	; 0
      00013B 00                     366 	.db #0x00	; 0
      00013C 05                     367 	.db #0x05	; 5
      00013D 00                     368 	.db #0x00	; 0
      00013E 03                     369 	.db #0x03	; 3
      00013F 00                     370 	.db #0x00	; 0
      000140 00                     371 	.db #0x00	; 0
      000141 04                     372 	.db #0x04	; 4
      000142 00                     373 	.db #0x00	; 0
      000143 00                     374 	.db #0x00	; 0
      000144 00                     375 	.db #0x00	; 0
      000145 00                     376 	.db #0x00	; 0
      000146 00                     377 	.db #0x00	; 0
      000147 00                     378 	.db #0x00	; 0
      000148 00                     379 	.db #0x00	; 0
      000149 00                     380 	.db #0x00	; 0
      00014A 00                     381 	.db #0x00	; 0
      00014B 03                     382 	.db #0x03	; 3
      00014C 00                     383 	.db #0x00	; 0
      00014D 00                     384 	.db #0x00	; 0
      00014E 00                     385 	.db #0x00	; 0
      00014F 00                     386 	.db #0x00	; 0
      000150 00                     387 	.db #0x00	; 0
      000151 00                     388 	.db #0x00	; 0
      000152 00                     389 	.db #0x00	; 0
      000153 00                     390 	.db #0x00	; 0
      000154 02                     391 	.db #0x02	; 2
      000155 00                     392 	.db #0x00	; 0
      000156 00                     393 	.db #0x00	; 0
      000157 00                     394 	.db #0x00	; 0
      000158 02                     395 	.db #0x02	; 2
      000159 00                     396 	.db #0x00	; 0
      00015A 00                     397 	.db #0x00	; 0
      00015B 04                     398 	.db #0x04	; 4
      00015C 00                     399 	.db #0x00	; 0
      00015D 00                     400 	.db #0x00	; 0
      00015E 00                     401 	.db #0x00	; 0
      00015F 00                     402 	.db #0x00	; 0
      000160 00                     403 	.db #0x00	; 0
      000161 05                     404 	.db #0x05	; 5
      000162 00                     405 	.db #0x00	; 0
      000163 00                     406 	.db #0x00	; 0
      000164 03                     407 	.db #0x03	; 3
      000165 00                     408 	.db #0x00	; 0
      000166 01                     409 	.db #0x01	; 1
      000167 00                     410 	.db #0x00	; 0
      000168                        411 __xinit__GrasslandPLN1:
      000168 00                     412 	.db #0x00	; 0
      000169 00                     413 	.db #0x00	; 0
      00016A 00                     414 	.db #0x00	; 0
      00016B 00                     415 	.db #0x00	; 0
      00016C 00                     416 	.db #0x00	; 0
      00016D 00                     417 	.db #0x00	; 0
      00016E 00                     418 	.db #0x00	; 0
      00016F 00                     419 	.db #0x00	; 0
      000170 00                     420 	.db #0x00	; 0
      000171 00                     421 	.db #0x00	; 0
      000172 00                     422 	.db #0x00	; 0
      000173 00                     423 	.db #0x00	; 0
      000174 00                     424 	.db #0x00	; 0
      000175 00                     425 	.db #0x00	; 0
      000176 00                     426 	.db #0x00	; 0
      000177 00                     427 	.db #0x00	; 0
      000178 00                     428 	.db #0x00	; 0
      000179 00                     429 	.db #0x00	; 0
      00017A 00                     430 	.db #0x00	; 0
      00017B 00                     431 	.db #0x00	; 0
      00017C 00                     432 	.db #0x00	; 0
      00017D 00                     433 	.db #0x00	; 0
      00017E 00                     434 	.db #0x00	; 0
      00017F 00                     435 	.db #0x00	; 0
      000180 00                     436 	.db #0x00	; 0
      000181 00                     437 	.db #0x00	; 0
      000182 00                     438 	.db #0x00	; 0
      000183 00                     439 	.db #0x00	; 0
      000184 00                     440 	.db #0x00	; 0
      000185 00                     441 	.db #0x00	; 0
      000186 00                     442 	.db #0x00	; 0
      000187 00                     443 	.db #0x00	; 0
      000188 00                     444 	.db #0x00	; 0
      000189 00                     445 	.db #0x00	; 0
      00018A 00                     446 	.db #0x00	; 0
      00018B 00                     447 	.db #0x00	; 0
      00018C 00                     448 	.db #0x00	; 0
      00018D 00                     449 	.db #0x00	; 0
      00018E 00                     450 	.db #0x00	; 0
      00018F 00                     451 	.db #0x00	; 0
      000190 00                     452 	.db #0x00	; 0
      000191 00                     453 	.db #0x00	; 0
      000192 00                     454 	.db #0x00	; 0
      000193 00                     455 	.db #0x00	; 0
      000194 00                     456 	.db #0x00	; 0
      000195 00                     457 	.db #0x00	; 0
      000196 00                     458 	.db #0x00	; 0
      000197 00                     459 	.db #0x00	; 0
      000198 00                     460 	.db #0x00	; 0
      000199 00                     461 	.db #0x00	; 0
      00019A 00                     462 	.db #0x00	; 0
      00019B 00                     463 	.db #0x00	; 0
      00019C 00                     464 	.db #0x00	; 0
      00019D 00                     465 	.db #0x00	; 0
      00019E 00                     466 	.db #0x00	; 0
      00019F 00                     467 	.db #0x00	; 0
      0001A0 00                     468 	.db #0x00	; 0
      0001A1 00                     469 	.db #0x00	; 0
      0001A2 00                     470 	.db #0x00	; 0
      0001A3 00                     471 	.db #0x00	; 0
      0001A4 00                     472 	.db #0x00	; 0
      0001A5 00                     473 	.db #0x00	; 0
      0001A6 00                     474 	.db #0x00	; 0
      0001A7 00                     475 	.db #0x00	; 0
      0001A8 00                     476 	.db #0x00	; 0
      0001A9 00                     477 	.db #0x00	; 0
      0001AA 00                     478 	.db #0x00	; 0
      0001AB 00                     479 	.db #0x00	; 0
      0001AC 00                     480 	.db #0x00	; 0
      0001AD 00                     481 	.db #0x00	; 0
      0001AE 00                     482 	.db #0x00	; 0
      0001AF 00                     483 	.db #0x00	; 0
      0001B0 00                     484 	.db #0x00	; 0
      0001B1 00                     485 	.db #0x00	; 0
      0001B2 00                     486 	.db #0x00	; 0
      0001B3 00                     487 	.db #0x00	; 0
      0001B4 00                     488 	.db #0x00	; 0
      0001B5 00                     489 	.db #0x00	; 0
      0001B6 00                     490 	.db #0x00	; 0
      0001B7 00                     491 	.db #0x00	; 0
      0001B8 00                     492 	.db #0x00	; 0
      0001B9 00                     493 	.db #0x00	; 0
      0001BA 00                     494 	.db #0x00	; 0
      0001BB 00                     495 	.db #0x00	; 0
      0001BC 00                     496 	.db #0x00	; 0
      0001BD 00                     497 	.db #0x00	; 0
      0001BE 00                     498 	.db #0x00	; 0
      0001BF 00                     499 	.db #0x00	; 0
      0001C0 00                     500 	.db #0x00	; 0
      0001C1 00                     501 	.db #0x00	; 0
      0001C2 00                     502 	.db #0x00	; 0
      0001C3 00                     503 	.db #0x00	; 0
      0001C4 00                     504 	.db #0x00	; 0
      0001C5 00                     505 	.db #0x00	; 0
      0001C6 00                     506 	.db #0x00	; 0
      0001C7 00                     507 	.db #0x00	; 0
      0001C8 00                     508 	.db #0x00	; 0
      0001C9 00                     509 	.db #0x00	; 0
      0001CA 00                     510 	.db #0x00	; 0
      0001CB 00                     511 	.db #0x00	; 0
      0001CC 00                     512 	.db #0x00	; 0
      0001CD 00                     513 	.db #0x00	; 0
      0001CE 00                     514 	.db #0x00	; 0
      0001CF 00                     515 	.db #0x00	; 0
      0001D0 00                     516 	.db #0x00	; 0
      0001D1 00                     517 	.db #0x00	; 0
      0001D2 00                     518 	.db #0x00	; 0
      0001D3 00                     519 	.db #0x00	; 0
      0001D4 00                     520 	.db #0x00	; 0
      0001D5 00                     521 	.db #0x00	; 0
      0001D6 00                     522 	.db #0x00	; 0
      0001D7 00                     523 	.db #0x00	; 0
      0001D8 00                     524 	.db #0x00	; 0
      0001D9 00                     525 	.db #0x00	; 0
      0001DA 00                     526 	.db #0x00	; 0
      0001DB 00                     527 	.db #0x00	; 0
      0001DC 00                     528 	.db #0x00	; 0
      0001DD 00                     529 	.db #0x00	; 0
      0001DE 00                     530 	.db #0x00	; 0
      0001DF 00                     531 	.db #0x00	; 0
      0001E0 00                     532 	.db #0x00	; 0
      0001E1 00                     533 	.db #0x00	; 0
      0001E2 00                     534 	.db #0x00	; 0
      0001E3 00                     535 	.db #0x00	; 0
      0001E4 00                     536 	.db #0x00	; 0
      0001E5 00                     537 	.db #0x00	; 0
      0001E6 00                     538 	.db #0x00	; 0
      0001E7 00                     539 	.db #0x00	; 0
      0001E8 00                     540 	.db #0x00	; 0
      0001E9 00                     541 	.db #0x00	; 0
      0001EA 00                     542 	.db #0x00	; 0
      0001EB 00                     543 	.db #0x00	; 0
      0001EC 00                     544 	.db #0x00	; 0
      0001ED 00                     545 	.db #0x00	; 0
      0001EE 00                     546 	.db #0x00	; 0
      0001EF 00                     547 	.db #0x00	; 0
      0001F0 00                     548 	.db #0x00	; 0
      0001F1 00                     549 	.db #0x00	; 0
      0001F2 00                     550 	.db #0x00	; 0
      0001F3 00                     551 	.db #0x00	; 0
      0001F4 00                     552 	.db #0x00	; 0
      0001F5 00                     553 	.db #0x00	; 0
      0001F6 00                     554 	.db #0x00	; 0
      0001F7 00                     555 	.db #0x00	; 0
      0001F8 00                     556 	.db #0x00	; 0
      0001F9 00                     557 	.db #0x00	; 0
      0001FA 00                     558 	.db #0x00	; 0
      0001FB 00                     559 	.db #0x00	; 0
      0001FC 00                     560 	.db #0x00	; 0
      0001FD 00                     561 	.db #0x00	; 0
      0001FE 00                     562 	.db #0x00	; 0
      0001FF 00                     563 	.db #0x00	; 0
      000200 00                     564 	.db #0x00	; 0
      000201 00                     565 	.db #0x00	; 0
      000202 00                     566 	.db #0x00	; 0
      000203 00                     567 	.db #0x00	; 0
      000204 00                     568 	.db #0x00	; 0
      000205 00                     569 	.db #0x00	; 0
      000206 00                     570 	.db #0x00	; 0
      000207 00                     571 	.db #0x00	; 0
      000208 00                     572 	.db #0x00	; 0
      000209 00                     573 	.db #0x00	; 0
      00020A 00                     574 	.db #0x00	; 0
      00020B 00                     575 	.db #0x00	; 0
      00020C 00                     576 	.db #0x00	; 0
      00020D 00                     577 	.db #0x00	; 0
      00020E 00                     578 	.db #0x00	; 0
      00020F 00                     579 	.db #0x00	; 0
      000210 00                     580 	.db #0x00	; 0
      000211 00                     581 	.db #0x00	; 0
      000212 00                     582 	.db #0x00	; 0
      000213 00                     583 	.db #0x00	; 0
      000214 00                     584 	.db #0x00	; 0
      000215 00                     585 	.db #0x00	; 0
      000216 00                     586 	.db #0x00	; 0
      000217 00                     587 	.db #0x00	; 0
      000218 00                     588 	.db #0x00	; 0
      000219 00                     589 	.db #0x00	; 0
      00021A 00                     590 	.db #0x00	; 0
      00021B 00                     591 	.db #0x00	; 0
      00021C 00                     592 	.db #0x00	; 0
      00021D 00                     593 	.db #0x00	; 0
      00021E 00                     594 	.db #0x00	; 0
      00021F 00                     595 	.db #0x00	; 0
      000220 00                     596 	.db #0x00	; 0
      000221 00                     597 	.db #0x00	; 0
      000222 00                     598 	.db #0x00	; 0
      000223 00                     599 	.db #0x00	; 0
      000224 00                     600 	.db #0x00	; 0
      000225 00                     601 	.db #0x00	; 0
      000226 00                     602 	.db #0x00	; 0
      000227 00                     603 	.db #0x00	; 0
      000228 00                     604 	.db #0x00	; 0
      000229 00                     605 	.db #0x00	; 0
      00022A 00                     606 	.db #0x00	; 0
      00022B 00                     607 	.db #0x00	; 0
      00022C 00                     608 	.db #0x00	; 0
      00022D 00                     609 	.db #0x00	; 0
      00022E 00                     610 	.db #0x00	; 0
      00022F 00                     611 	.db #0x00	; 0
      000230 00                     612 	.db #0x00	; 0
      000231 00                     613 	.db #0x00	; 0
      000232 00                     614 	.db #0x00	; 0
      000233 00                     615 	.db #0x00	; 0
      000234 00                     616 	.db #0x00	; 0
      000235 00                     617 	.db #0x00	; 0
      000236 00                     618 	.db #0x00	; 0
      000237 00                     619 	.db #0x00	; 0
      000238 00                     620 	.db #0x00	; 0
      000239 00                     621 	.db #0x00	; 0
      00023A 00                     622 	.db #0x00	; 0
      00023B 00                     623 	.db #0x00	; 0
      00023C 00                     624 	.db #0x00	; 0
      00023D 00                     625 	.db #0x00	; 0
      00023E 00                     626 	.db #0x00	; 0
      00023F 00                     627 	.db #0x00	; 0
      000240 00                     628 	.db #0x00	; 0
      000241 00                     629 	.db #0x00	; 0
      000242 00                     630 	.db #0x00	; 0
      000243 00                     631 	.db #0x00	; 0
      000244 00                     632 	.db #0x00	; 0
      000245 00                     633 	.db #0x00	; 0
      000246 00                     634 	.db #0x00	; 0
      000247 00                     635 	.db #0x00	; 0
      000248 00                     636 	.db #0x00	; 0
      000249 00                     637 	.db #0x00	; 0
      00024A 00                     638 	.db #0x00	; 0
      00024B 00                     639 	.db #0x00	; 0
      00024C 00                     640 	.db #0x00	; 0
      00024D 00                     641 	.db #0x00	; 0
      00024E 00                     642 	.db #0x00	; 0
      00024F 00                     643 	.db #0x00	; 0
      000250 00                     644 	.db #0x00	; 0
      000251 00                     645 	.db #0x00	; 0
      000252 00                     646 	.db #0x00	; 0
      000253 00                     647 	.db #0x00	; 0
      000254 00                     648 	.db #0x00	; 0
      000255 00                     649 	.db #0x00	; 0
      000256 00                     650 	.db #0x00	; 0
      000257 00                     651 	.db #0x00	; 0
      000258 00                     652 	.db #0x00	; 0
      000259 00                     653 	.db #0x00	; 0
      00025A 00                     654 	.db #0x00	; 0
      00025B 00                     655 	.db #0x00	; 0
      00025C 00                     656 	.db #0x00	; 0
      00025D 00                     657 	.db #0x00	; 0
      00025E 00                     658 	.db #0x00	; 0
      00025F 00                     659 	.db #0x00	; 0
      000260 00                     660 	.db #0x00	; 0
      000261 00                     661 	.db #0x00	; 0
      000262 00                     662 	.db #0x00	; 0
      000263 00                     663 	.db #0x00	; 0
      000264 00                     664 	.db #0x00	; 0
      000265 00                     665 	.db #0x00	; 0
      000266 00                     666 	.db #0x00	; 0
      000267 00                     667 	.db #0x00	; 0
      000268 00                     668 	.db #0x00	; 0
      000269 00                     669 	.db #0x00	; 0
      00026A 00                     670 	.db #0x00	; 0
      00026B 00                     671 	.db #0x00	; 0
      00026C 00                     672 	.db #0x00	; 0
      00026D 00                     673 	.db #0x00	; 0
      00026E 00                     674 	.db #0x00	; 0
      00026F 00                     675 	.db #0x00	; 0
      000270 00                     676 	.db #0x00	; 0
      000271 00                     677 	.db #0x00	; 0
      000272 00                     678 	.db #0x00	; 0
      000273 00                     679 	.db #0x00	; 0
      000274 00                     680 	.db #0x00	; 0
      000275 00                     681 	.db #0x00	; 0
      000276 00                     682 	.db #0x00	; 0
      000277 00                     683 	.db #0x00	; 0
      000278 00                     684 	.db #0x00	; 0
      000279 00                     685 	.db #0x00	; 0
      00027A 00                     686 	.db #0x00	; 0
      00027B 00                     687 	.db #0x00	; 0
      00027C 00                     688 	.db #0x00	; 0
      00027D 00                     689 	.db #0x00	; 0
      00027E 00                     690 	.db #0x00	; 0
      00027F 00                     691 	.db #0x00	; 0
      000280 00                     692 	.db #0x00	; 0
      000281 00                     693 	.db #0x00	; 0
      000282 00                     694 	.db #0x00	; 0
      000283 00                     695 	.db #0x00	; 0
      000284 00                     696 	.db #0x00	; 0
      000285 00                     697 	.db #0x00	; 0
      000286 00                     698 	.db #0x00	; 0
      000287 00                     699 	.db #0x00	; 0
      000288 00                     700 	.db #0x00	; 0
      000289 00                     701 	.db #0x00	; 0
      00028A 00                     702 	.db #0x00	; 0
      00028B 00                     703 	.db #0x00	; 0
      00028C 00                     704 	.db #0x00	; 0
      00028D 00                     705 	.db #0x00	; 0
      00028E 00                     706 	.db #0x00	; 0
      00028F 00                     707 	.db #0x00	; 0
      000290 00                     708 	.db #0x00	; 0
      000291 00                     709 	.db #0x00	; 0
      000292 00                     710 	.db #0x00	; 0
      000293 00                     711 	.db #0x00	; 0
      000294 00                     712 	.db #0x00	; 0
      000295 00                     713 	.db #0x00	; 0
      000296 00                     714 	.db #0x00	; 0
      000297 00                     715 	.db #0x00	; 0
      000298 00                     716 	.db #0x00	; 0
      000299 00                     717 	.db #0x00	; 0
      00029A 00                     718 	.db #0x00	; 0
      00029B 00                     719 	.db #0x00	; 0
      00029C 00                     720 	.db #0x00	; 0
      00029D 00                     721 	.db #0x00	; 0
      00029E 00                     722 	.db #0x00	; 0
      00029F 00                     723 	.db #0x00	; 0
      0002A0 00                     724 	.db #0x00	; 0
      0002A1 00                     725 	.db #0x00	; 0
      0002A2 00                     726 	.db #0x00	; 0
      0002A3 00                     727 	.db #0x00	; 0
      0002A4 00                     728 	.db #0x00	; 0
      0002A5 00                     729 	.db #0x00	; 0
      0002A6 00                     730 	.db #0x00	; 0
      0002A7 00                     731 	.db #0x00	; 0
      0002A8 00                     732 	.db #0x00	; 0
      0002A9 00                     733 	.db #0x00	; 0
      0002AA 00                     734 	.db #0x00	; 0
      0002AB 00                     735 	.db #0x00	; 0
      0002AC 00                     736 	.db #0x00	; 0
      0002AD 00                     737 	.db #0x00	; 0
      0002AE 00                     738 	.db #0x00	; 0
      0002AF 00                     739 	.db #0x00	; 0
      0002B0 00                     740 	.db #0x00	; 0
      0002B1 00                     741 	.db #0x00	; 0
      0002B2 00                     742 	.db #0x00	; 0
      0002B3 00                     743 	.db #0x00	; 0
      0002B4 00                     744 	.db #0x00	; 0
      0002B5 00                     745 	.db #0x00	; 0
      0002B6 00                     746 	.db #0x00	; 0
      0002B7 00                     747 	.db #0x00	; 0
      0002B8 00                     748 	.db #0x00	; 0
      0002B9 00                     749 	.db #0x00	; 0
      0002BA 00                     750 	.db #0x00	; 0
      0002BB 00                     751 	.db #0x00	; 0
      0002BC 00                     752 	.db #0x00	; 0
      0002BD 00                     753 	.db #0x00	; 0
      0002BE 00                     754 	.db #0x00	; 0
      0002BF 00                     755 	.db #0x00	; 0
      0002C0 00                     756 	.db #0x00	; 0
      0002C1 00                     757 	.db #0x00	; 0
      0002C2 00                     758 	.db #0x00	; 0
      0002C3 00                     759 	.db #0x00	; 0
      0002C4 00                     760 	.db #0x00	; 0
      0002C5 00                     761 	.db #0x00	; 0
      0002C6 00                     762 	.db #0x00	; 0
      0002C7 00                     763 	.db #0x00	; 0
      0002C8 00                     764 	.db #0x00	; 0
      0002C9 00                     765 	.db #0x00	; 0
      0002CA 00                     766 	.db #0x00	; 0
      0002CB 00                     767 	.db #0x00	; 0
      0002CC 00                     768 	.db #0x00	; 0
      0002CD 00                     769 	.db #0x00	; 0
      0002CE 00                     770 	.db #0x00	; 0
      0002CF 00                     771 	.db #0x00	; 0
                                    772 	.area _CABS (ABS)
